2020-03-24 21:31:40.115 INFO  {"RegionId":"cn-hangzhou","PhoneNumbers":"15337364316","SignName":"雷迪司科技湖北有限公司","TemplateCode":"SMS_185820818","TemplateParam":"{\"sitename\":\"[湖北雷迪司网站]\",\"time\":\"2020/3/24 21:31:40\"}"} 
2020-03-24 21:31:40.648 INFO  {"Message":"OK","RequestId":"521C5CDD-99F7-4AB7-A997-623DE57D1D85","BizId":"199023185056700364^0","Code":"OK"} 
2020-03-24 21:37:40.470 INFO  {"RegionId":"cn-hangzhou","PhoneNumbers":"15337364316","SignName":"雷迪司科技湖北有限公司","TemplateCode":"SMS_185820818","TemplateParam":"{\"sitename\":\"[湖北雷迪司网站]\",\"time\":\"2020/3/24 21:37:40\"}"} 
2020-03-24 21:37:42.867 INFO  {"Message":"OK","RequestId":"3F9401AB-DC77-41D9-BA92-B1EC464B50CC","BizId":"333508785057062674^0","Code":"OK"} 
2020-03-24 21:50:41.311 INFO  {"RegionId":"cn-hangzhou","PhoneNumbers":"15337364316","SignName":"雷迪司科技湖北有限公司","TemplateCode":"SMS_185846200","TemplateParam":"{\"sitename\":\"[湖北雷迪司网站]\",\"time\":\"2020/3/24 21:50:41\"}"} 
2020-03-24 21:50:41.750 INFO  {"Message":"OK","RequestId":"526BE944-6212-4357-ABCD-E0FD96FBDA4B","BizId":"234303885057841551^0","Code":"OK"} 
2020-04-15 12:53:04.006 INFO  {"RegionId":"cn-hangzhou","PhoneNumbers":"17371676835,13705817726","SignName":"雷迪司科技湖北有限公司","TemplateCode":"SMS_185820818","TemplateParam":"{\"sitename\":\"[雷迪司官网]\",\"time\":\"2020/4/15 12:53:4\"}"} 
2020-04-15 12:53:04.373 INFO  {"Message":"OK","RequestId":"F27261F8-ED44-4962-852C-80BAB6BDC4E3","BizId":"676912286926384240^0","Code":"OK"} 
2020-04-15 12:54:04.076 INFO  {"RegionId":"cn-hangzhou","PhoneNumbers":"17371676835,13705817726","SignName":"雷迪司科技湖北有限公司","TemplateCode":"SMS_185846200","TemplateParam":"{\"sitename\":\"[雷迪司官网]\",\"time\":\"2020/4/15 12:54:4\"}"} 
2020-04-15 12:54:04.136 INFO  {"Message":"OK","RequestId":"54E433D2-0010-418F-BDE0-2643998A5743","BizId":"227007986926444106^0","Code":"OK"} 
2020-04-28 14:53:36.671 INFO  {"RegionId":"cn-hangzhou","PhoneNumbers":"17371676835,13705817726","SignName":"雷迪司科技湖北有限公司","TemplateCode":"SMS_185820818","TemplateParam":"{\"sitename\":\"[雷迪司官网]\",\"time\":\"2020/4/28 14:53:36\"}"} 
2020-04-28 14:53:37.041 INFO  {"Message":"OK","RequestId":"1AB34691-659A-4F3F-A00E-A716B5000AE2","BizId":"167320488056816883^0","Code":"OK"} 
2020-04-28 14:59:35.070 INFO  {"RegionId":"cn-hangzhou","PhoneNumbers":"17371676835,13705817726","SignName":"雷迪司科技湖北有限公司","TemplateCode":"SMS_185820818","TemplateParam":"{\"sitename\":\"[雷迪司官网]\",\"time\":\"2020/4/28 14:59:35\"}"} 
2020-04-28 14:59:37.347 INFO  {"Message":"OK","RequestId":"3417F553-5713-4D12-B7FB-471606CAB776","BizId":"499421188057177290^0","Code":"OK"} 
2020-04-28 15:01:29.422 INFO  {"RegionId":"cn-hangzhou","PhoneNumbers":"17371676835,13705817726","SignName":"雷迪司科技湖北有限公司","TemplateCode":"SMS_185846200","TemplateParam":"{\"sitename\":\"[雷迪司官网]\",\"time\":\"2020/4/28 15:1:29\"}"} 
2020-04-28 15:01:29.658 INFO  {"Message":"OK","RequestId":"338C8C46-BC5F-4839-89EB-EA604CF06E0F","BizId":"501020688057289620^0","Code":"OK"} 
2020-04-28 16:20:41.118 INFO  {"RegionId":"cn-hangzhou","PhoneNumbers":"17371676835,13705817726","SignName":"雷迪司科技湖北有限公司","TemplateCode":"SMS_185820818","TemplateParam":"{\"sitename\":\"[雷迪司官网]\",\"time\":\"2020/4/28 16:20:41\"}"} 
2020-04-28 16:20:41.428 INFO  {"Message":"OK","RequestId":"4AB41558-B441-4820-8ADC-C81F79A4FADB","BizId":"405015888062041337^0","Code":"OK"} 
2020-04-28 16:24:30.614 INFO  {"RegionId":"cn-hangzhou","PhoneNumbers":"17371676835,13705817726","SignName":"雷迪司科技湖北有限公司","TemplateCode":"SMS_185846200","TemplateParam":"{\"sitename\":\"[雷迪司官网]\",\"time\":\"2020/4/28 16:24:30\"}"} 
2020-04-28 16:24:30.860 INFO  {"Message":"OK","RequestId":"D5FBA6EA-CD7D-4DFF-AEE2-21C7D98875BD","BizId":"528411888062270820^0","Code":"OK"} 
2020-04-28 20:51:56.574 INFO  {"RegionId":"cn-hangzhou","PhoneNumbers":"17371676835,13705817726","SignName":"雷迪司科技湖北有限公司","TemplateCode":"SMS_185820818","TemplateParam":"{\"sitename\":\"[雷迪司官网]\",\"time\":\"2020/4/28 20:51:56\"}"} 
2020-04-28 20:51:56.869 INFO  {"Message":"OK","RequestId":"946DA2EC-0ECA-408D-AF0A-1C64892F5118","BizId":"507306388078316803^0","Code":"OK"} 
2020-04-28 20:54:01.527 INFO  {"RegionId":"cn-hangzhou","PhoneNumbers":"17371676835,13705817726","SignName":"雷迪司科技湖北有限公司","TemplateCode":"SMS_185846200","TemplateParam":"{\"sitename\":\"[雷迪司官网]\",\"time\":\"2020/4/28 20:54:1\"}"} 
2020-04-28 20:54:01.760 INFO  {"Message":"OK","RequestId":"3ED3510C-32F7-4F33-8BFC-48DE90870C8F","BizId":"557816088078441724^0","Code":"OK"} 
2020-04-28 21:07:57.086 INFO  {"RegionId":"cn-hangzhou","PhoneNumbers":"17371676835,13705817726","SignName":"雷迪司科技湖北有限公司","TemplateCode":"SMS_185820818","TemplateParam":"{\"sitename\":\"[雷迪司官网]\",\"time\":\"2020/4/28 21:7:57\"}"} 
2020-04-28 21:07:57.373 INFO  {"Message":"OK","RequestId":"621A84C0-E1DE-4EE3-B7C3-09E3E2D9DF61","BizId":"775813988079277308^0","Code":"OK"} 
2020-04-28 21:13:57.534 INFO  {"RegionId":"cn-hangzhou","PhoneNumbers":"17371676835,13705817726","SignName":"雷迪司科技湖北有限公司","TemplateCode":"SMS_185820818","TemplateParam":"{\"sitename\":\"[雷迪司官网]\",\"time\":\"2020/4/28 21:13:57\"}"} 
2020-04-28 21:13:57.813 INFO  {"Message":"OK","RequestId":"1CC7BB8D-7707-4086-96F8-33DE3B53593C","BizId":"754621088079637749^0","Code":"OK"} 
2020-04-28 21:15:18.704 INFO  {"RegionId":"cn-hangzhou","PhoneNumbers":"17371676835,13705817726","SignName":"雷迪司科技湖北有限公司","TemplateCode":"SMS_185846200","TemplateParam":"{\"sitename\":\"[雷迪司官网]\",\"time\":\"2020/4/28 21:15:18\"}"} 
2020-04-28 21:15:18.922 INFO  {"Message":"OK","RequestId":"EE4307BB-90C9-420F-B568-15AEF1FC4D10","BizId":"415318688079718887^0","Code":"OK"} 
2020-04-28 21:46:59.998 INFO  {"RegionId":"cn-hangzhou","PhoneNumbers":"17371676835,13705817726","SignName":"雷迪司科技湖北有限公司","TemplateCode":"SMS_185820818","TemplateParam":"{\"sitename\":\"[雷迪司官网]\",\"time\":\"2020/4/28 21:46:59\"}"} 
2020-04-28 21:47:00.273 INFO  {"Message":"OK","RequestId":"5005E521-0D28-468B-8106-7F3C1BD11A69","BizId":"294608788081620206^0","Code":"OK"} 
2020-04-28 22:00:55.583 INFO  {"RegionId":"cn-hangzhou","PhoneNumbers":"17371676835,13705817726,15337364316","SignName":"雷迪司科技湖北有限公司","TemplateCode":"SMS_185820818","TemplateParam":"{\"sitename\":\"[雷迪司官网]\",\"time\":\"2020/4/28 22:0:55\"}"} 
2020-04-28 22:00:55.849 INFO  {"Message":"OK","RequestId":"4701CF4D-7686-4E5F-8E28-0EF24ED583FF","BizId":"301618988082455782^0","Code":"OK"} 
2020-04-28 22:06:56.030 INFO  {"RegionId":"cn-hangzhou","PhoneNumbers":"17371676835,13705817726,15337364316","SignName":"雷迪司科技湖北有限公司","TemplateCode":"SMS_185820818","TemplateParam":"{\"sitename\":\"[雷迪司官网]\",\"time\":\"2020/4/28 22:6:56\"}"} 
2020-04-28 22:06:56.348 INFO  {"Message":"OK","RequestId":"4723F06B-F600-467F-AD90-0321EBEFAF91","BizId":"429501888082816257^0","Code":"OK"} 
2020-04-28 22:56:48.946 INFO  {"RegionId":"cn-hangzhou","PhoneNumbers":"17371676835,13705817726,15337364316","SignName":"雷迪司科技湖北有限公司","TemplateCode":"SMS_185846200","TemplateParam":"{\"sitename\":\"[雷迪司官网]\",\"time\":\"2020/4/28 22:56:48\"}"} 
2020-04-28 22:56:49.220 INFO  {"Message":"OK","RequestId":"63726369-C5FE-4515-BE25-2E568B0D1714","BizId":"455807988085809153^0","Code":"OK"} 
2020-05-01 19:25:58.687 INFO  {"RegionId":"cn-hangzhou","PhoneNumbers":"17371676835,13705817726,15337364316","SignName":"雷迪司科技湖北有限公司","TemplateCode":"SMS_185820818","TemplateParam":"{\"sitename\":\"[雷迪司官网]\",\"time\":\"2020/5/1 19:25:58\"}"} 
2020-05-01 19:25:58.980 INFO  {"Message":"OK","RequestId":"2B3D7700-AB42-4619-9AF8-6CDB92B5F7CB","BizId":"532411888332358917^0","Code":"OK"} 
2020-05-01 19:31:59.134 INFO  {"RegionId":"cn-hangzhou","PhoneNumbers":"17371676835,13705817726,15337364316","SignName":"雷迪司科技湖北有限公司","TemplateCode":"SMS_185820818","TemplateParam":"{\"sitename\":\"[雷迪司官网]\",\"time\":\"2020/5/1 19:31:59\"}"} 
2020-05-01 19:31:59.412 INFO  {"Message":"OK","RequestId":"AFAC1995-911E-4992-875C-2261F923E81B","BizId":"905407088332719352^0","Code":"OK"} 
2020-05-01 23:20:00.004 INFO  {"RegionId":"cn-hangzhou","PhoneNumbers":"17371676835,13705817726,15337364316","SignName":"雷迪司科技湖北有限公司","TemplateCode":"SMS_185846200","TemplateParam":"{\"sitename\":\"[雷迪司官网]\",\"time\":\"2020/5/1 23:20:0\"}"} 
2020-05-01 23:20:00.297 INFO  {"Message":"OK","RequestId":"E2B5B66A-0782-468F-87D1-B9E1FB7690B4","BizId":"836407988346400236^0","Code":"OK"} 
